loading MoS2 dataset...
Index(['Add NaCl', 'Distance of S outside Furnace (in cm)',
       'Flat/Tilted_Face Down (Tilted)', 'Flow rate (sccm)',
       'Reaction Temperature (°C)', 'Ramp time (min)', 'Reaction time (min)'],
      dtype='object')
183
117
Can percentage =  0.61
[38, 68, 65, 49, 152, 249, 105, 227, 236, 156, 46, 106, 110, 10, 222, 20, 70, 224, 66, 101, 208, 220, 196, 87, 290]
0 loop, next_ind= 199  #tr= 25  pos_tr= 15  best_prob= 0.791367  type1= 0.410714  type2= 0.336449
1 loop, next_ind= 242  #tr= 26  pos_tr= 16  best_prob= 0.796989  type1= 0.410714  type2= 0.336449
2 loop, next_ind= 271  #tr= 27  pos_tr= 17  best_prob= 0.738753  type1= 0.410714  type2= 0.336449
3 loop, next_ind= 133  #tr= 28  pos_tr= 18  best_prob= 0.809239  type1= 0.410714  type2= 0.336449
4 loop, next_ind= 149  #tr= 29  pos_tr= 19  best_prob= 0.810991  type1= 0.410714  type2= 0.336449
5 loop, next_ind= 193  #tr= 30  pos_tr= 20  best_prob= 0.813281  type1= 0.410714  type2= 0.336449
6 loop, next_ind= 201  #tr= 31  pos_tr= 21  best_prob= 0.756243  type1= 0.410714  type2= 0.336449
7 loop, next_ind= 174  #tr= 32  pos_tr= 22  best_prob= 0.918714  type1= 0.410714  type2= 0.336449
8 loop, next_ind= 150  #tr= 33  pos_tr= 22  best_prob= 0.941237  type1= 0.327381  type2= 0.336449
9 loop, next_ind= 225  #tr= 34  pos_tr= 23  best_prob= 0.946094  type1= 0.357143  type2= 0.271028
10 loop, next_ind= 272  #tr= 35  pos_tr= 24  best_prob= 0.917456  type1= 0.404762  type2= 0.336449
11 loop, next_ind= 212  #tr= 36  pos_tr= 25  best_prob= 0.918524  type1= 0.375000  type2= 0.336449
12 loop, next_ind= 82  #tr= 37  pos_tr= 26  best_prob= 0.904145  type1= 0.291667  type2= 0.429907
13 loop, next_ind= 223  #tr= 38  pos_tr= 27  best_prob= 0.922577  type1= 0.333333  type2= 0.336449
14 loop, next_ind= 202  #tr= 39  pos_tr= 28  best_prob= 0.774842  type1= 0.202381  type2= 0.607477
15 loop, next_ind= 229  #tr= 40  pos_tr= 29  best_prob= 0.935200  type1= 0.327381  type2= 0.336449
16 loop, next_ind= 215  #tr= 41  pos_tr= 30  best_prob= 0.815964  type1= 0.410714  type2= 0.336449
17 loop, next_ind= 219  #tr= 42  pos_tr= 31  best_prob= 0.931883  type1= 0.267857  type2= 0.495327
18 loop, next_ind= 217  #tr= 43  pos_tr= 32  best_prob= 0.980180  type1= 0.327381  type2= 0.364486
19 loop, next_ind= 210  #tr= 44  pos_tr= 33  best_prob= 0.817447  type1= 0.386905  type2= 0.336449
20 loop, next_ind= 146  #tr= 45  pos_tr= 34  best_prob= 0.801983  type1= 0.363095  type2= 0.383178
21 loop, next_ind= 218  #tr= 46  pos_tr= 35  best_prob= 0.972176  type1= 0.333333  type2= 0.336449
22 loop, next_ind= 148  #tr= 47  pos_tr= 36  best_prob= 0.953539  type1= 0.297619  type2= 0.448598
23 loop, next_ind= 216  #tr= 48  pos_tr= 37  best_prob= 0.976485  type1= 0.309524  type2= 0.401869
24 loop, next_ind= 203  #tr= 49  pos_tr= 38  best_prob= 0.657399  type1= 0.386905  type2= 0.336449
25 loop, next_ind= 195  #tr= 50  pos_tr= 39  best_prob= 0.905850  type1= 0.297619  type2= 0.336449
26 loop, next_ind= 147  #tr= 51  pos_tr= 40  best_prob= 0.919427  type1= 0.303571  type2= 0.336449
27 loop, next_ind= 93  #tr= 52  pos_tr= 41  best_prob= 0.957235  type1= 0.327381  type2= 0.336449
28 loop, next_ind= 194  #tr= 53  pos_tr= 42  best_prob= 0.911893  type1= 0.267857  type2= 0.504673
29 loop, next_ind= 198  #tr= 54  pos_tr= 43  best_prob= 0.914999  type1= 0.297619  type2= 0.336449
30 loop, next_ind= 89  #tr= 55  pos_tr= 44  best_prob= 0.941213  type1= 0.321429  type2= 0.355140
31 loop, next_ind= 204  #tr= 56  pos_tr= 45  best_prob= 0.799311  type1= 0.410714  type2= 0.336449
32 loop, next_ind= 200  #tr= 57  pos_tr= 46  best_prob= 0.927167  type1= 0.309524  type2= 0.336449
33 loop, next_ind= 144  #tr= 58  pos_tr= 47  best_prob= 0.674133  type1= 0.184524  type2= 0.672897
34 loop, next_ind= 197  #tr= 59  pos_tr= 48  best_prob= 0.948121  type1= 0.321429  type2= 0.401869
35 loop, next_ind= 92  #tr= 60  pos_tr= 49  best_prob= 0.946375  type1= 0.321429  type2= 0.401869
36 loop, next_ind= 107  #tr= 61  pos_tr= 50  best_prob= 0.950786  type1= 0.327381  type2= 0.336449
37 loop, next_ind= 135  #tr= 62  pos_tr= 51  best_prob= 0.913969  type1= 0.369048  type2= 0.336449
38 loop, next_ind= 167  #tr= 63  pos_tr= 52  best_prob= 0.919949  type1= 0.369048  type2= 0.336449
39 loop, next_ind= 206  #tr= 64  pos_tr= 52  best_prob= 0.955065  type1= 0.303571  type2= 0.401869
40 loop, next_ind= 90  #tr= 65  pos_tr= 53  best_prob= 0.941837  type1= 0.303571  type2= 0.401869
41 loop, next_ind= 91  #tr= 66  pos_tr= 54  best_prob= 0.972750  type1= 0.297619  type2= 0.401869
42 loop, next_ind= 88  #tr= 67  pos_tr= 55  best_prob= 0.946986  type1= 0.279762  type2= 0.401869
43 loop, next_ind= 94  #tr= 68  pos_tr= 56  best_prob= 0.963684  type1= 0.279762  type2= 0.401869
44 loop, next_ind= 86  #tr= 69  pos_tr= 57  best_prob= 0.964935  type1= 0.285714  type2= 0.448598
45 loop, next_ind= 84  #tr= 70  pos_tr= 58  best_prob= 0.957248  type1= 0.309524  type2= 0.373832
46 loop, next_ind= 85  #tr= 71  pos_tr= 59  best_prob= 0.966496  type1= 0.267857  type2= 0.429907
47 loop, next_ind= 34  #tr= 72  pos_tr= 60  best_prob= 0.765258  type1= 0.095238  type2= 0.728972
48 loop, next_ind= 221  #tr= 73  pos_tr= 60  best_prob= 0.858709  type1= 0.238095  type2= 0.411215
49 loop, next_ind= 230  #tr= 74  pos_tr= 61  best_prob= 0.933017  type1= 0.291667  type2= 0.401869
50 loop, next_ind= 168  #tr= 75  pos_tr= 62  best_prob= 0.765998  type1= 0.017857  type2= 0.915888
51 loop, next_ind= 211  #tr= 76  pos_tr= 63  best_prob= 0.925102  type1= 0.291667  type2= 0.401869
52 loop, next_ind= 231  #tr= 77  pos_tr= 64  best_prob= 0.894707  type1= 0.244048  type2= 0.429907
53 loop, next_ind= 226  #tr= 78  pos_tr= 65  best_prob= 0.725608  type1= 0.113095  type2= 0.719626
54 loop, next_ind= 170  #tr= 79  pos_tr= 66  best_prob= 0.915399  type1= 0.244048  type2= 0.485981
55 loop, next_ind= 172  #tr= 80  pos_tr= 67  best_prob= 0.751962  type1= 0.196429  type2= 0.644860
56 loop, next_ind= 252  #tr= 81  pos_tr= 68  best_prob= 0.907257  type1= 0.113095  type2= 0.682243
57 loop, next_ind= 171  #tr= 82  pos_tr= 69  best_prob= 0.915772  type1= 0.208333  type2= 0.457944
58 loop, next_ind= 182  #tr= 83  pos_tr= 70  best_prob= 0.908841  type1= 0.321429  type2= 0.495327
59 loop, next_ind= 83  #tr= 84  pos_tr= 70  best_prob= 0.940337  type1= 0.172619  type2= 0.429907
60 loop, next_ind= 145  #tr= 85  pos_tr= 71  best_prob= 0.925982  type1= 0.160714  type2= 0.448598
61 loop, next_ind= 207  #tr= 86  pos_tr= 72  best_prob= 0.733768  type1= 0.035714  type2= 0.831776
62 loop, next_ind= 143  #tr= 87  pos_tr= 73  best_prob= 0.949370  type1= 0.315476  type2= 0.373832
63 loop, next_ind= 79  #tr= 88  pos_tr= 74  best_prob= 0.920850  type1= 0.160714  type2= 0.448598
64 loop, next_ind= 141  #tr= 89  pos_tr= 75  best_prob= 0.666303  type1= 0.000000  type2= 1.000000
65 loop, next_ind= 142  #tr= 90  pos_tr= 76  best_prob= 0.929864  type1= 0.107143  type2= 0.691589
66 loop, next_ind= 138  #tr= 91  pos_tr= 77  best_prob= 0.777936  type1= 0.101190  type2= 0.663551
67 loop, next_ind= 228  #tr= 92  pos_tr= 78  best_prob= 0.759742  type1= 0.107143  type2= 0.654206
68 loop, next_ind= 81  #tr= 93  pos_tr= 79  best_prob= 0.945941  type1= 0.166667  type2= 0.448598
69 loop, next_ind= 140  #tr= 94  pos_tr= 80  best_prob= 0.899643  type1= 0.279762  type2= 0.401869
70 loop, next_ind= 139  #tr= 95  pos_tr= 81  best_prob= 0.772177  type1= 0.101190  type2= 0.560748
71 loop, next_ind= 77  #tr= 96  pos_tr= 82  best_prob= 0.757657  type1= 0.226190  type2= 0.448598
72 loop, next_ind= 78  #tr= 97  pos_tr= 83  best_prob= 0.889617  type1= 0.220238  type2= 0.401869
73 loop, next_ind= 80  #tr= 98  pos_tr= 84  best_prob= 0.963953  type1= 0.142857  type2= 0.448598
74 loop, next_ind= 175  #tr= 99  pos_tr= 85  best_prob= 0.731469  type1= 0.095238  type2= 0.672897
75 loop, next_ind= 137  #tr= 100  pos_tr= 85  best_prob= 0.746486  type1= 0.011905  type2= 0.962617
76 loop, next_ind= 209  #tr= 101  pos_tr= 86  best_prob= 0.888547  type1= 0.041667  type2= 0.813084
77 loop, next_ind= 74  #tr= 102  pos_tr= 87  best_prob= 0.943224  type1= 0.214286  type2= 0.327103
78 loop, next_ind= 264  #tr= 103  pos_tr= 88  best_prob= 0.910592  type1= 0.041667  type2= 0.738318
79 loop, next_ind= 75  #tr= 104  pos_tr= 89  best_prob= 0.955231  type1= 0.190476  type2= 0.364486
80 loop, next_ind= 72  #tr= 105  pos_tr= 90  best_prob= 0.930517  type1= 0.071429  type2= 0.710280
81 loop, next_ind= 128  #tr= 106  pos_tr= 91  best_prob= 0.735288  type1= 0.011905  type2= 0.943925
82 loop, next_ind= 73  #tr= 107  pos_tr= 92  best_prob= 0.954706  type1= 0.184524  type2= 0.345794
83 loop, next_ind= 76  #tr= 108  pos_tr= 93  best_prob= 0.959585  type1= 0.142857  type2= 0.420561
84 loop, next_ind= 274  #tr= 109  pos_tr= 94  best_prob= 0.723979  type1= 0.065476  type2= 0.766355
85 loop, next_ind= 124  #tr= 110  pos_tr= 95  best_prob= 0.891631  type1= 0.029762  type2= 0.850467
86 loop, next_ind= 32  #tr= 111  pos_tr= 96  best_prob= 0.862728  type1= 0.023810  type2= 0.813084
87 loop, next_ind= 294  #tr= 112  pos_tr= 97  best_prob= 0.898428  type1= 0.047619  type2= 0.644860
88 loop, next_ind= 119  #tr= 113  pos_tr= 98  best_prob= 0.868320  type1= 0.035714  type2= 0.794393
89 loop, next_ind= 118  #tr= 114  pos_tr= 99  best_prob= 0.916324  type1= 0.142857  type2= 0.364486
90 loop, next_ind= 33  #tr= 115  pos_tr= 100  best_prob= 0.880325  type1= 0.065476  type2= 0.728972
91 loop, next_ind= 125  #tr= 116  pos_tr= 101  best_prob= 0.946665  type1= 0.142857  type2= 0.373832
92 loop, next_ind= 126  #tr= 117  pos_tr= 102  best_prob= 0.969356  type1= 0.172619  type2= 0.392523
93 loop, next_ind= 129  #tr= 118  pos_tr= 103  best_prob= 0.915896  type1= 0.077381  type2= 0.467290
94 loop, next_ind= 69  #tr= 119  pos_tr= 104  best_prob= 0.885607  type1= 0.077381  type2= 0.392523
95 loop, next_ind= 275  #tr= 120  pos_tr= 105  best_prob= 0.893391  type1= 0.053571  type2= 0.747664
96 loop, next_ind= 127  #tr= 121  pos_tr= 106  best_prob= 0.877815  type1= 0.077381  type2= 0.476636
97 loop, next_ind= 71  #tr= 122  pos_tr= 107  best_prob= 0.893068  type1= 0.071429  type2= 0.457944
98 loop, next_ind= 67  #tr= 123  pos_tr= 108  best_prob= 0.937436  type1= 0.077381  type2= 0.345794
99 loop, next_ind= 130  #tr= 124  pos_tr= 109  best_prob= 0.975997  type1= 0.148810  type2= 0.401869
100 loop, next_ind= 30  #tr= 125  pos_tr= 110  best_prob= 0.966014  type1= 0.148810  type2= 0.401869
101 loop, next_ind= 19  #tr= 126  pos_tr= 111  best_prob= 0.961757  type1= 0.148810  type2= 0.401869
102 loop, next_ind= 95  #tr= 127  pos_tr= 112  best_prob= 0.890964  type1= 0.077381  type2= 0.560748
103 loop, next_ind= 263  #tr= 128  pos_tr= 113  best_prob= 0.883413  type1= 0.071429  type2= 0.551402
104 loop, next_ind= 257  #tr= 129  pos_tr= 114  best_prob= 0.744549  type1= 0.000000  type2= 0.971963
105 loop, next_ind= 259  #tr= 130  pos_tr= 115  best_prob= 0.959415  type1= 0.125000  type2= 0.364486
106 loop, next_ind= 260  #tr= 131  pos_tr= 116  best_prob= 0.883766  type1= 0.011905  type2= 0.943925
107 loop, next_ind= 266  #tr= 132  pos_tr= 117  best_prob= 0.946254  type1= 0.089286  type2= 0.523364
108 loop, next_ind= 262  #tr= 133  pos_tr= 118  best_prob= 0.816008  type1= 0.184524  type2= 0.607477
109 loop, next_ind= 265  #tr= 134  pos_tr= 119  best_prob= 0.798409  type1= 0.077381  type2= 0.682243
110 loop, next_ind= 276  #tr= 135  pos_tr= 120  best_prob= 0.903325  type1= 0.071429  type2= 0.485981
111 loop, next_ind= 273  #tr= 136  pos_tr= 121  best_prob= 0.774351  type1= 0.089286  type2= 0.682243
112 loop, next_ind= 288  #tr= 137  pos_tr= 122  best_prob= 0.765676  type1= 0.077381  type2= 0.691589
113 loop, next_ind= 169  #tr= 138  pos_tr= 122  best_prob= 0.905818  type1= 0.071429  type2= 0.457944
114 loop, next_ind= 213  #tr= 139  pos_tr= 123  best_prob= 0.896735  type1= 0.053571  type2= 0.691589
115 loop, next_ind= 214  #tr= 140  pos_tr= 124  best_prob= 0.893607  type1= 0.017857  type2= 0.859813
116 loop, next_ind= 18  #tr= 141  pos_tr= 125  best_prob= 0.869548  type1= 0.011905  type2= 0.915888
117 loop, next_ind= 9  #tr= 142  pos_tr= 126  best_prob= 0.925482  type1= 0.071429  type2= 0.457944
118 loop, next_ind= 104  #tr= 143  pos_tr= 126  best_prob= 0.857152  type1= 0.017857  type2= 0.813084
119 loop, next_ind= 205  #tr= 144  pos_tr= 127  best_prob= 0.896982  type1= 0.071429  type2= 0.439252
120 loop, next_ind= 254  #tr= 145  pos_tr= 128  best_prob= 0.974732  type1= 0.119048  type2= 0.448598
121 loop, next_ind= 256  #tr= 146  pos_tr= 129  best_prob= 0.980168  type1= 0.142857  type2= 0.439252
122 loop, next_ind= 258  #tr= 147  pos_tr= 130  best_prob= 0.900297  type1= 0.071429  type2= 0.485981
123 loop, next_ind= 253  #tr= 148  pos_tr= 131  best_prob= 0.974884  type1= 0.077381  type2= 0.467290
124 loop, next_ind= 261  #tr= 149  pos_tr= 132  best_prob= 0.912376  type1= 0.065476  type2= 0.542056
125 loop, next_ind= 163  #tr= 150  pos_tr= 133  best_prob= 0.910019  type1= 0.089286  type2= 0.467290
126 loop, next_ind= 250  #tr= 151  pos_tr= 134  best_prob= 0.861632  type1= 0.071429  type2= 0.476636
127 loop, next_ind= 251  #tr= 152  pos_tr= 135  best_prob= 0.879645  type1= 0.071429  type2= 0.476636
128 loop, next_ind= 151  #tr= 153  pos_tr= 136  best_prob= 0.833590  type1= 0.071429  type2= 0.485981
129 loop, next_ind= 157  #tr= 154  pos_tr= 137  best_prob= 0.890336  type1= 0.071429  type2= 0.485981
130 loop, next_ind= 281  #tr= 155  pos_tr= 138  best_prob= 0.883934  type1= 0.065476  type2= 0.672897
131 loop, next_ind= 162  #tr= 156  pos_tr= 138  best_prob= 0.911532  type1= 0.071429  type2= 0.457944
132 loop, next_ind= 158  #tr= 157  pos_tr= 139  best_prob= 0.943505  type1= 0.119048  type2= 0.355140
133 loop, next_ind= 155  #tr= 158  pos_tr= 140  best_prob= 0.919673  type1= 0.083333  type2= 0.476636
134 loop, next_ind= 161  #tr= 159  pos_tr= 141  best_prob= 0.940528  type1= 0.065476  type2= 0.420561
135 loop, next_ind= 160  #tr= 160  pos_tr= 142  best_prob= 0.933591  type1= 0.077381  type2= 0.485981
136 loop, next_ind= 153  #tr= 161  pos_tr= 143  best_prob= 0.965218  type1= 0.119048  type2= 0.355140
137 loop, next_ind= 159  #tr= 162  pos_tr= 144  best_prob= 0.958438  type1= 0.071429  type2= 0.439252
138 loop, next_ind= 154  #tr= 163  pos_tr= 145  best_prob= 0.912325  type1= 0.053571  type2= 0.672897
139 loop, next_ind= 112  #tr= 164  pos_tr= 146  best_prob= 0.944516  type1= 0.077381  type2= 0.299065
140 loop, next_ind= 108  #tr= 165  pos_tr= 147  best_prob= 0.818564  type1= 0.053571  type2= 0.710280
141 loop, next_ind= 109  #tr= 166  pos_tr= 148  best_prob= 0.938026  type1= 0.119048  type2= 0.271028
142 loop, next_ind= 52  #tr= 167  pos_tr= 149  best_prob= 0.941556  type1= 0.065476  type2= 0.401869
143 loop, next_ind= 132  #tr= 168  pos_tr= 149  best_prob= 0.812784  type1= 0.059524  type2= 0.607477
144 loop, next_ind= 134  #tr= 169  pos_tr= 150  best_prob= 0.815069  type1= 0.065476  type2= 0.401869
145 loop, next_ind= 255  #tr= 170  pos_tr= 151  best_prob= 0.941462  type1= 0.047619  type2= 0.813084
146 loop, next_ind= 136  #tr= 171  pos_tr= 152  best_prob= 0.868959  type1= 0.071429  type2= 0.373832
147 loop, next_ind= 164  #tr= 172  pos_tr= 153  best_prob= 0.879066  type1= 0.071429  type2= 0.373832
148 loop, next_ind= 31  #tr= 173  pos_tr= 154  best_prob= 0.860020  type1= 0.065476  type2= 0.420561
149 loop, next_ind= 114  #tr= 174  pos_tr= 155  best_prob= 0.871482  type1= 0.077381  type2= 0.364486
150 loop, next_ind= 117  #tr= 175  pos_tr= 156  best_prob= 0.927506  type1= 0.065476  type2= 0.364486
151 loop, next_ind= 116  #tr= 176  pos_tr= 157  best_prob= 0.899826  type1= 0.065476  type2= 0.373832
152 loop, next_ind= 115  #tr= 177  pos_tr= 158  best_prob= 0.935883  type1= 0.065476  type2= 0.289720
153 loop, next_ind= 111  #tr= 178  pos_tr= 159  best_prob= 0.896531  type1= 0.065476  type2= 0.364486
154 loop, next_ind= 43  #tr= 179  pos_tr= 160  best_prob= 0.895554  type1= 0.065476  type2= 0.364486
155 loop, next_ind= 40  #tr= 180  pos_tr= 160  best_prob= 0.867398  type1= 0.071429  type2= 0.373832
156 loop, next_ind= 122  #tr= 181  pos_tr= 160  best_prob= 0.788550  type1= 0.071429  type2= 0.364486
157 loop, next_ind= 121  #tr= 182  pos_tr= 161  best_prob= 0.943734  type1= 0.065476  type2= 0.355140
158 loop, next_ind= 120  #tr= 183  pos_tr= 162  best_prob= 0.856824  type1= 0.071429  type2= 0.364486
159 loop, next_ind= 123  #tr= 184  pos_tr= 163  best_prob= 0.946332  type1= 0.065476  type2= 0.364486
160 loop, next_ind= 176  #tr= 185  pos_tr= 164  best_prob= 0.695876  type1= 0.065476  type2= 0.383178
161 loop, next_ind= 166  #tr= 186  pos_tr= 164  best_prob= 0.683641  type1= 0.071429  type2= 0.373832
162 loop, next_ind= 12  #tr= 187  pos_tr= 164  best_prob= 0.623234  type1= 0.065476  type2= 0.224299
163 loop, next_ind= 113  #tr= 188  pos_tr= 164  best_prob= 0.584170  type1= 0.065476  type2= 0.196262
164 loop, next_ind= 41  #tr= 189  pos_tr= 165  best_prob= 0.562306  type1= 0.107143  type2= 0.158879
165 loop, next_ind= 0  #tr= 190  pos_tr= 165  best_prob= 0.675549  type1= 0.107143  type2= 0.168224
166 loop, next_ind= 299  #tr= 191  pos_tr= 165  best_prob= 0.549072  type1= 0.101190  type2= 0.233645
167 loop, next_ind= 56  #tr= 192  pos_tr= 165  best_prob= 0.518289  type1= 0.107143  type2= 0.186916
168 loop, next_ind= 187  #tr= 193  pos_tr= 165  best_prob= 0.531634  type1= 0.107143  type2= 0.177570
169 loop, next_ind= 100  #tr= 194  pos_tr= 165  best_prob= 0.480578  type1= 0.107143  type2= 0.177570
end at loop  169   Nc =  194
0  run time= 81.77116865714392 mins
['n', 194, 194.0, 0.8301886792452831, 0.0, 1.0, 0.4805775582790375, 165.0, 0.10714285714285714, 0.17757009345794392]
Successfully saved : /home/yuhao001/projects/ML-guided-material-synthesis/results/mos2_PAM_100times_2019_6_10_0.csv
